0 info it worked if it ends with ok
1 verbose cli [ 'C:\\Program Files\\nodejs\\node.exe',
1 verbose cli   'C:\\Program Files\\nodejs\\node_modules\\npm\\bin\\npm-cli.js',
1 verbose cli   'run',
1 verbose cli   'client' ]
2 info using npm@3.10.10
3 info using node@v6.11.0
4 verbose run-script [ 'preclient', 'client', 'postclient' ]
5 info lifecycle triviadool@1.0.0~preclient: triviadool@1.0.0
6 silly lifecycle triviadool@1.0.0~preclient: no script for preclient, continuing
7 info lifecycle triviadool@1.0.0~client: triviadool@1.0.0
8 verbose lifecycle triviadool@1.0.0~client: unsafe-perm in lifecycle true
9 verbose lifecycle triviadool@1.0.0~client: PATH: C:\Program Files\nodejs\node_modules\npm\bin\node-gyp-bin;C:\Users\James\Desktop\triviadool\node_modules\.bin;C:\Users\James\Desktop\triviadool\node_modules\.bin;C:\Users\James\AppData\Local\Yarn\config\link\node_modules\.bin;C:\Users\James\Desktop\triviadool\node_modules\.bin;C:\Users\James\AppData\Local\Yarn\config\link\node_modules\.bin;C:\Users\James\AppData\Local\Yarn\bin;C:\Program Files\lib\node_modules\npm\bin\node-gyp-bin;C:\Program Files\nodejs\node_modules\npm\bin\node-gyp-bin;C:\Windows\system32;C:\Windows;C:\Windows\System32\Wbem;C:\Windows\System32\WindowsPowerShell\v1.0\;C:\Program Files (x86)\NVIDIA Corporation\PhysX\Common;C:\WINDOWS\system32;C:\WINDOWS;C:\WINDOWS\System32\Wbem;C:\WINDOWS\System32\WindowsPowerShell\v1.0\;C:\Program Files\nodejs\;C:\Program Files\Git\cmd;C:\Program Files\MySQL\MySQL Utilities 1.6\;C:\Program Files (x86)\Brackets\command;C:\Users\James\AppData\Local\Microsoft\WindowsApps;C:\Users\James\AppData\Roaming\npm;C:\Program Files\Heroku\bin;C:\Users\James\AppData\Local\GitHubDesktop\bin;C:\Program Files\Microsoft VS Code\bin;C:\Program Files\MongoDB\Server\3.6\bin;;%USERPROFILE%\AppData\Local\Microsoft\WindowsApps
10 verbose lifecycle triviadool@1.0.0~client: CWD: C:\Users\James\Desktop\triviadool
11 silly lifecycle triviadool@1.0.0~client: Args: [ '/d /s /c', 'node scripts/start-client.js' ]
12 silly lifecycle triviadool@1.0.0~client: Returned: code: 1073807364  signal: null
13 info lifecycle triviadool@1.0.0~client: Failed to exec client script
14 verbose stack Error: triviadool@1.0.0 client: `node scripts/start-client.js`
14 verbose stack Exit status 1073807364
14 verbose stack     at EventEmitter.<anonymous> (C:\Program Files\nodejs\node_modules\npm\lib\utils\lifecycle.js:255:16)
14 verbose stack     at emitTwo (events.js:106:13)
14 verbose stack     at EventEmitter.emit (events.js:191:7)
14 verbose stack     at ChildProcess.<anonymous> (C:\Program Files\nodejs\node_modules\npm\lib\utils\spawn.js:40:14)
14 verbose stack     at emitTwo (events.js:106:13)
14 verbose stack     at ChildProcess.emit (events.js:191:7)
14 verbose stack     at maybeClose (internal/child_process.js:891:16)
14 verbose stack     at Process.ChildProcess._handle.onexit (internal/child_process.js:226:5)
15 verbose pkgid triviadool@1.0.0
16 verbose cwd C:\Users\James\Desktop\triviadool
17 error Windows_NT 10.0.16299
18 error argv "C:\\Program Files\\nodejs\\node.exe" "C:\\Program Files\\nodejs\\node_modules\\npm\\bin\\npm-cli.js" "run" "client"
19 error node v6.11.0
20 error npm  v3.10.10
21 error code ELIFECYCLE
22 error triviadool@1.0.0 client: `node scripts/start-client.js`
22 error Exit status 1073807364
23 error Failed at the triviadool@1.0.0 client script 'node scripts/start-client.js'.
23 error Make sure you have the latest version of node.js and npm installed.
23 error If you do, this is most likely a problem with the triviadool package,
23 error not with npm itself.
23 error Tell the author that this fails on your system:
23 error     node scripts/start-client.js
23 error You can get information on how to open an issue for this project with:
23 error     npm bugs triviadool
23 error Or if that isn't available, you can get their info via:
23 error     npm owner ls triviadool
23 error There is likely additional logging output above.
24 verbose exit [ 1, true ]
